combination no 1: [ 3 ] 
combination no 2: [ 3 6 ] 
combination no 3: [ 3 6 7 ] 
combination no 4: [ 3 6 7 12 ] 
combination no 5: [ 3 6 7 12 15 ] 
combination no 6: [ 3 6 7 12 15 16 ] 
combination no 7: [ 3 6 7 12 15 16 3 6 ] 
combination no 8: [ 3 6 7 12 15 16 3 6 7 ] 
combination no 9: [ 3 6 7 12 15 16 3 6 7 12 ] 
combination no 10: [ 3 6 7 12 15 16 3 6 7 12 15 ] 
combination no 11: [ 3 6 7 12 15 16 3 6 7 12 15 16 ] 
combination no 12: [ 3 6 7 12 15 16 3 6 7 12 15 16 6 7 ] 
combination no 13: [ 3 6 7 12 15 16 3 6 7 12 15 16 6 7 12 ] 
combination no 14: [ 3 6 7 12 15 16 3 6 7 12 15 16 6 7 12 15 ] 
combination no 15: [ 3 6 7 12 15 16 3 6 7 12 15 16 6 7 12 15 16 ] 
combination no 16: [ 3 6 7 12 15 16 3 6 7 12 15 16 6 7 12 15 16 7 12 ] 
combination no 17: [ 3 6 7 12 15 16 3 6 7 12 15 16 6 7 12 15 16 7 12 15 ] 
combination no 18: [ 3 6 7 12 15 16 3 6 7 12 15 16 6 7 12 15 16 7 12 15 16 ] 
combination no 19: [ 3 6 7 12 15 16 3 6 7 12 15 16 6 7 12 15 16 7 12 15 16 12 15 ] 
combination no 20: [ 3 6 7 12 15 16 3 6 7 12 15 16 6 7 12 15 16 7 12 15 16 12 15 16 ] 
combination no 21: [ 3 6 7 12 15 16 3 6 7 12 15 16 6 7 12 15 16 7 12 15 16 12 15 16 15 16 ] 
